#
# There is insufficient memory for the Java Runtime Environment to continue.
# Native memory allocation (malloc) failed to allocate 32744 bytes for Chunk::new
# Possible reasons:
#   The system is out of physical RAM or swap space
#   The process is running with CompressedOops enabled, and the Java Heap may be blocking the growth of the native heap
# Possible solutions:
#   Reduce memory load on the system
#   Increase physical memory or swap space
#   Check if swap backing store is full
#   Decrease Java heap size (-Xmx/-Xms)
#   Decrease number of Java threads
#   Decrease Java thread stack sizes (-Xss)
#   Set larger code cache with -XX:ReservedCodeCacheSize=
#   JVM is running with Zero Based Compressed Oops mode in which the Java heap is
#     placed in the first 32GB address space. The Java Heap base address is the
#     maximum limit for the native heap growth. Please use -XX:HeapBaseMinAddress
#     to set the Java Heap base and to place the Java Heap above 32GB virtual address.
# This output file may be truncated or incomplete.
#
#  Out of Memory Error (arena.cpp:184), pid=18280, tid=11792
#
# JRE version: Java(TM) SE Runtime Environment (20.0.1+9) (build 20.0.1+9-29)
# Java VM: Java HotSpot(TM) 64-Bit Server VM (20.0.1+9-29, mixed mode, emulated-client, sharing, tiered, compressed oops, compressed class ptrs, g1 gc, windows-amd64)
# No core dump will be written. Minidumps are not enabled by default on client versions of Windows
#

---------------  S U M M A R Y ------------

Command Line: -XX:TieredStopAtLevel=1 com.delevery.deleveryspring.DeleveryspringApplication

Host: Intel(R) Core(TM) i5-10310U CPU @ 1.70GHz, 8 cores, 15G,  Windows 11 , 64 bit Build 22621 (10.0.22621.2506)
Time: Sat Jan 11 12:23:51 2025 Pacifique elapsed time: 540.625348 seconds (0d 0h 9m 0s)

---------------  T H R E A D  ---------------

Current thread (0x000001ca00e79e20):  JavaThread "C1 CompilerThread1" daemon [_thread_in_native, id=11792, stack(0x000000697c700000,0x000000697c800000)]


Current CompileTask:
C1: 540625 12707       1       org.hibernate.query.sqm.sql.BaseSqmToSqlAstConverter::visitTableGroup (1097 bytes)

Stack: [0x000000697c700000,0x000000697c800000]
Native frames: (J=compiled Java code, j=interpreted, Vv=VM code, C=native code)
V  [jvm.dll+0x6bb95a]
V  [jvm.dll+0x8485fa]
V  [jvm.dll+0x84a1f5]
V  [jvm.dll+0x84a8f3]
V  [jvm.dll+0x280b0f]
V  [jvm.dll+0xc2b11]
V  [jvm.dll+0xc2e35]
V  [jvm.dll+0x165d70]
V  [jvm.dll+0x1687a9]
V  [jvm.dll+0x15c274]
V  [jvm.dll+0x167ec6]
V  [jvm.dll+0x16aef7]
V  [jvm.dll+0x16a925]
V  [jvm.dll+0x162405]
V  [jvm.dll+0x164687]
V  [jvm.dll+0x162ca5]
V  [jvm.dll+0x15cafa]
V  [jvm.dll+0x16c606]
V  [jvm.dll+0x157d40]
V  [jvm.dll+0x1580c3]
V  [jvm.dll+0x158384]
V  [jvm.dll+0x1577c6]
V  [jvm.dll+0x1594fd]
V  [jvm.dll+0x259e1b]
V  [jvm.dll+0x2584f0]
V  [jvm.dll+0x3f2895]
V  [jvm.dll+0x7f4b56]
V  [jvm.dll+0x6ba5cb]
C  [ucrtbase.dll+0x29363]
C  [KERNEL32.DLL+0x1257d]
C  [ntdll.dll+0x5aa58]


---------------  P R O C E S S  ---------------

Threads class SMR info:
_java_thread_list=0x000001ca7dcdb430, length=32, elements={
0x000001ca7954e310, 0x000001ca79552d30, 0x000001ca79557110, 0x000001ca7955a940,
0x000001ca7955c640, 0x000001ca7955f4b0, 0x000001ca79569d70, 0x000001ca7d9285f0,
0x000001ca7d934800, 0x000001ca7ebd8540, 0x000001ca7ebd8a90, 0x000001ca7ee5ba20,
0x000001ca7ee5bf70, 0x000001ca7ee59a40, 0x000001ca7ee5c4c0, 0x000001ca7ee594f0,
0x000001ca7ee5a4e0, 0x000001ca7ee5aa30, 0x000001ca7ee5b4d0, 0x000001ca7ee5af80,
0x000001ca7ee59f90, 0x000001ca7f4ef510, 0x000001ca7f4f1a40, 0x000001ca7f4eaab0,
0x000001ca7f4ebff0, 0x000001ca7f4edfd0, 0x000001ca7f4eb000, 0x000001ca7f4eda80,
0x000001ca7f4eca90, 0x000001ca00e79e20, 0x000001ca0003b690, 0x000001ca010fe580
}

Java Threads: ( => current thread )
  0x000001ca7954e310 JavaThread "Reference Handler" daemon [_thread_blocked, id=22272, stack(0x000000697d100000,0x000000697d200000)]
  0x000001ca79552d30 JavaThread "Finalizer" daemon [_thread_blocked, id=12584, stack(0x000000697d200000,0x000000697d300000)]
  0x000001ca79557110 JavaThread "Signal Dispatcher" daemon [_thread_blocked, id=7608, stack(0x000000697d300000,0x000000697d400000)]
  0x000001ca7955a940 JavaThread "Attach Listener" daemon [_thread_blocked, id=22012, stack(0x000000697d400000,0x000000697d500000)]
  0x000001ca7955c640 JavaThread "Service Thread" daemon [_thread_blocked, id=28080, stack(0x000000697d500000,0x000000697d600000)]
  0x000001ca7955f4b0 JavaThread "Monitor Deflation Thread" daemon [_thread_blocked, id=16400, stack(0x000000697d600000,0x000000697d700000)]
  0x000001ca79569d70 JavaThread "C1 CompilerThread0" daemon [_thread_in_native, id=23516, stack(0x000000697d700000,0x000000697d800000)]
  0x000001ca7d9285f0 JavaThread "Notification Thread" daemon [_thread_blocked, id=27488, stack(0x000000697da00000,0x000000697db00000)]
  0x000001ca7d934800 JavaThread "Common-Cleaner" daemon [_thread_blocked, id=10472, stack(0x000000697dc00000,0x000000697dd00000)]
  0x000001ca7ebd8540 JavaThread "Catalina-utility-1" [_thread_blocked, id=25332, stack(0x000000697e800000,0x000000697e900000)]
  0x000001ca7ebd8a90 JavaThread "Catalina-utility-2" [_thread_blocked, id=24668, stack(0x000000697e900000,0x000000697ea00000)]
  0x000001ca7ee5ba20 JavaThread "container-0" [_thread_blocked, id=19524, stack(0x000000697ea00000,0x000000697eb00000)]
  0x000001ca7ee5bf70 JavaThread "mysql-cj-abandoned-connection-cleanup" daemon [_thread_blocked, id=23012, stack(0x000000697eb00000,0x000000697ec00000)]
  0x000001ca7ee59a40 JavaThread "HikariPool-1 housekeeper" daemon [_thread_blocked, id=12692, stack(0x000000697ed00000,0x000000697ee00000)]
  0x000001ca7ee5c4c0 JavaThread "File Watcher" daemon [_thread_blocked, id=25840, stack(0x000000697e500000,0x000000697e600000)]
  0x000001ca7ee594f0 JavaThread "Live Reload Server" daemon [_thread_in_native, id=8072, stack(0x000000697ef00000,0x000000697f000000)]
  0x000001ca7ee5a4e0 JavaThread "http-nio-8080-exec-1" daemon [_thread_in_native, id=15212, stack(0x000000697ee00000,0x000000697ef00000)]
  0x000001ca7ee5aa30 JavaThread "http-nio-8080-exec-2" daemon [_thread_blocked, id=24876, stack(0x000000697f000000,0x000000697f100000)]
  0x000001ca7ee5b4d0 JavaThread "http-nio-8080-exec-3" daemon [_thread_in_Java, id=24860, stack(0x000000697f100000,0x000000697f200000)]
  0x000001ca7ee5af80 JavaThread "http-nio-8080-exec-4" daemon [_thread_blocked, id=9328, stack(0x000000697f200000,0x000000697f300000)]
  0x000001ca7ee59f90 JavaThread "http-nio-8080-exec-5" daemon [_thread_blocked, id=23268, stack(0x000000697f300000,0x000000697f400000)]
  0x000001ca7f4ef510 JavaThread "http-nio-8080-exec-6" daemon [_thread_blocked, id=15936, stack(0x000000697f400000,0x000000697f500000)]
  0x000001ca7f4f1a40 JavaThread "http-nio-8080-exec-7" daemon [_thread_in_Java, id=23888, stack(0x000000697f500000,0x000000697f600000)]
  0x000001ca7f4eaab0 JavaThread "http-nio-8080-exec-8" daemon [_thread_blocked, id=25956, stack(0x000000697f600000,0x000000697f700000)]
  0x000001ca7f4ebff0 JavaThread "http-nio-8080-exec-9" daemon [_thread_in_native, id=25000, stack(0x000000697f700000,0x000000697f800000)]
  0x000001ca7f4edfd0 JavaThread "http-nio-8080-exec-10" daemon [_thread_blocked, id=22556, stack(0x000000697f800000,0x000000697f900000)]
  0x000001ca7f4eb000 JavaThread "http-nio-8080-Poller" daemon [_thread_in_native, id=25220, stack(0x000000697f900000,0x000000697fa00000)]
  0x000001ca7f4eda80 JavaThread "http-nio-8080-Acceptor" daemon [_thread_in_native, id=19404, stack(0x000000697fa00000,0x000000697fb00000)]
  0x000001ca7f4eca90 JavaThread "DestroyJavaVM" [_thread_blocked, id=3932, stack(0x000000697ca00000,0x000000697cb00000)]
=>0x000001ca00e79e20 JavaThread "C1 CompilerThread1" daemon [_thread_in_native, id=11792, stack(0x000000697c700000,0x000000697c800000)]
  0x000001ca0003b690 JavaThread "C1 CompilerThread2" daemon [_thread_blocked, id=14588, stack(0x000000697c800000,0x000000697c900000)]
  0x000001ca010fe580 JavaThread "C1 CompilerThread3" daemon [_thread_in_native, id=17684, stack(0x000000697c900000,0x000000697ca00000)]

Other Threads:
  0x000001ca795346f0 VMThread "VM Thread" [stack: 0x000000697d000000,0x000000697d100000] [id=19036]
  0x000001ca7d933380 WatcherThread "VM Periodic Task Thread" [stack: 0x000000697db00000,0x000000697dc00000] [id=24728]
  0x000001ca6632f480 WorkerThread "GC Thread#0" [stack: 0x000000697cb00000,0x000000697cc00000] [id=18872]
  0x000001ca7e0cc750 WorkerThread "GC Thread#1" [stack: 0x000000697df00000,0x000000697e000000] [id=27864]
  0x000001ca7e0bcc80 WorkerThread "GC Thread#2" [stack: 0x000000697e000000,0x000000697e100000] [id=16704]
  0x000001ca7e0bcf50 WorkerThread "GC Thread#3" [stack: 0x000000697e100000,0x000000697e200000] [id=1412]
  0x000001ca7e0bd220 WorkerThread "GC Thread#4" [stack: 0x000000697e200000,0x000000697e300000] [id=20412]
  0x000001ca7e0bead0 WorkerThread "GC Thread#5" [stack: 0x000000697e300000,0x000000697e400000] [id=19424]
  0x000001ca7e15b680 WorkerThread "GC Thread#6" [stack: 0x000000697e600000,0x000000697e700000] [id=24948]
  0x000001ca7e15b950 WorkerThread "GC Thread#7" [stack: 0x000000697e700000,0x000000697e800000] [id=4864]
  0x000001ca663400c0 ConcurrentGCThread "G1 Main Marker" [stack: 0x000000697cc00000,0x000000697cd00000] [id=23220]
  0x000001ca66340af0 WorkerThread "G1 Conc#0" [stack: 0x000000697cd00000,0x000000697ce00000] [id=17420]
  0x000001ca7e15a000 WorkerThread "G1 Conc#1" [stack: 0x000000697e400000,0x000000697e500000] [id=6768]
  0x000001ca793f5210 ConcurrentGCThread "G1 Refine#0" [stack: 0x000000697ce00000,0x000000697cf00000] [id=2496]
  0x000001ca793f78d0 ConcurrentGCThread "G1 Service" [stack: 0x000000697cf00000,0x000000697d000000] [id=12708]

Threads with active compile tasks:
C1 CompilerThread1   540668 12707       1       org.hibernate.query.sqm.sql.BaseSqmToSqlAstConverter::visitTableGroup (1097 bytes)

VM state: not at safepoint (normal execution)

VM Mutex/Monitor currently owned by a thread: None

Heap address: 0x0000000704600000, size: 4026 MB, Compressed Oops mode: Zero based, Oop shift amount: 3

CDS archive(s) mapped at: [0x0000000800000000-0x0000000800c60000-0x0000000800c60000), size 12976128, SharedBaseAddress: 0x0000000800000000, ArchiveRelocationMode: 0.
Compressed class space mapped at: 0x0000000801000000-0x0000000841000000, reserved size: 1073741824
Narrow klass base: 0x0000000800000000, Narrow klass shift: 0, Narrow klass range: 0x100000000

GC Precious Log:
 CardTable entry size: 512
 Card Set container configuration: InlinePtr #cards 4 size 8 Array Of Cards #cards 16 size 48 Howl #buckets 8 coarsen threshold 3686 Howl Bitmap #cards 512 size 80 coarsen threshold 460 Card regions per heap region 1 cards per card region 4096
 CPUs: 8 total, 8 available
 Memory: 16102M
 Large Page Support: Disabled
 NUMA Support: Disabled
 Compressed Oops: Enabled (Zero based)
 Heap Region Size: 2M
 Heap Min Capacity: 8M
 Heap Initial Capacity: 252M
 Heap Max Capacity: 4026M
 Pre-touch: Disabled
 Parallel Workers: 8
 Concurrent Workers: 2
 Concurrent Refinement Workers: 8
 Periodic GC: Disabled

Heap:
 garbage-first heap   total 92160K, used 46004K [0x0000000704600000, 0x0000000800000000)
  region size 2048K, 5 young (10240K), 2 survivors (4096K)
 Metaspace       used 73355K, committed 74112K, reserved 1114112K
  class space    used 10789K, committed 11136K, reserved 1048576K

Heap Regions: E=young(eden), S=young(survivor), O=old, HS=humongous(starts), HC=humongous(continues), CS=collection set, F=free, OA=open archive, CA=closed archive, TAMS=top-at-mark-start, PB=parsable bottom
|   0|0x0000000704600000, 0x0000000704800000, 0x0000000704800000|100%| O|  |TAMS 0x0000000704600000| PB 0x0000000704600000| Untracked 
|   1|0x0000000704800000, 0x0000000704a00000, 0x0000000704a00000|100%| O|  |TAMS 0x0000000704800000| PB 0x0000000704800000| Untracked 
|   2|0x0000000704a00000, 0x0000000704c00000, 0x0000000704c00000|100%| O|  |TAMS 0x0000000704a00000| PB 0x0000000704a00000| Untracked 
|   3|0x0000000704c00000, 0x0000000704e00000, 0x0000000704e00000|100%| O|  |TAMS 0x0000000704c00000| PB 0x0000000704c00000| Untracked 
|   4|0x0000000704e00000, 0x0000000705000000, 0x0000000705000000|100%| O|  |TAMS 0x0000000704e00000| PB 0x0000000704e00000| Untracked 
|   5|0x0000000705000000, 0x0000000705200000, 0x0000000705200000|100%| O|  |TAMS 0x0000000705000000| PB 0x0000000705000000| Untracked 
|   6|0x0000000705200000, 0x0000000705400000, 0x0000000705400000|100%| O|  |TAMS 0x0000000705200000| PB 0x0000000705200000| Complete 
|   7|0x0000000705400000, 0x0000000705600000, 0x0000000705600000|100%| O|  |TAMS 0x0000000705400000| PB 0x0000000705400000| Untracked 
|   8|0x0000000705600000, 0x0000000705800000, 0x0000000705800000|100%| O|  |TAMS 0x0000000705600000| PB 0x0000000705600000| Untracked 
|   9|0x0000000705800000, 0x0000000705a00000, 0x0000000705a00000|100%| O|  |TAMS 0x0000000705800000| PB 0x0000000705800000| Untracked 
|  10|0x0000000705a00000, 0x0000000705c00000, 0x0000000705c00000|100%| O|  |TAMS 0x0000000705a00000| PB 0x0000000705a00000| Untracked 
|  11|0x0000000705c00000, 0x0000000705e00000, 0x0000000705e00000|100%| O|  |TAMS 0x0000000705c00000| PB 0x0000000705c00000| Untracked 
|  12|0x0000000705e00000, 0x0000000706000000, 0x0000000706000000|100%| O|  |TAMS 0x0000000705e00000| PB 0x0000000705e00000| Untracked 
|  13|0x0000000706000000, 0x0000000706200000, 0x0000000706200000|100%| O|  |TAMS 0x0000000706000000| PB 0x0000000706000000| Complete 
|  14|0x0000000706200000, 0x0000000706400000, 0x0000000706400000|100%| O|  |TAMS 0x0000000706200000| PB 0x0000000706200000| Complete 
|  15|0x0000000706400000, 0x0000000706600000, 0x0000000706600000|100%| O|  |TAMS 0x0000000706400000| PB 0x0000000706400000| Complete 
|  16|0x0000000706600000, 0x0000000706800000, 0x0000000706800000|100%| O|  |TAMS 0x0000000706600000| PB 0x0000000706600000| Untracked 
|  17|0x0000000706800000, 0x0000000706a00000, 0x0000000706a00000|100%| O|  |TAMS 0x0000000706800000| PB 0x0000000706800000| Untracked 
|  18|0x0000000706a00000, 0x0000000706bf4200, 0x0000000706c00000| 97%| O|  |TAMS 0x0000000706a00000| PB 0x0000000706a00000| Untracked 
|  19|0x0000000706c00000, 0x0000000706c00000, 0x0000000706e00000|  0%| F|  |TAMS 0x0000000706c00000| PB 0x0000000706c00000| Untracked 
|  20|0x0000000706e00000, 0x0000000706e00000, 0x0000000707000000|  0%| F|  |TAMS 0x0000000706e00000| PB 0x0000000706e00000| Untracked 
|  21|0x0000000707000000, 0x0000000707000000, 0x0000000707200000|  0%| F|  |TAMS 0x0000000707000000| PB 0x0000000707000000| Untracked 
|  22|0x0000000707200000, 0x00000007072f9110, 0x0000000707400000| 48%| S|CS|TAMS 0x0000000707200000| PB 0x0000000707200000| Complete 
|  23|0x0000000707400000, 0x0000000707600000, 0x0000000707600000|100%| S|CS|TAMS 0x0000000707400000| PB 0x0000000707400000| Complete 
|  24|0x0000000707600000, 0x0000000707600000, 0x0000000707800000|  0%| F|  |TAMS 0x0000000707600000| PB 0x0000000707600000| Untracked 
|  25|0x0000000707800000, 0x0000000707800000, 0x0000000707a00000|  0%| F|  |TAMS 0x0000000707800000| PB 0x0000000707800000| Untracked 
|  26|0x0000000707a00000, 0x0000000707a00000, 0x0000000707c00000|  0%| F|  |TAMS 0x0000000707a00000| PB 0x0000000707a00000| Untracked 
|  27|0x0000000707c00000, 0x0000000707c00000, 0x0000000707e00000|  0%| F|  |TAMS 0x0000000707c00000| PB 0x0000000707c00000| Untracked 
|  28|0x0000000707e00000, 0x0000000707e00000, 0x0000000708000000|  0%| F|  |TAMS 0x0000000707e00000| PB 0x0000000707e00000| Untracked 
|  29|0x0000000708000000, 0x0000000708000000, 0x0000000708200000|  0%| F|  |TAMS 0x0000000708000000| PB 0x0000000708000000| Untracked 
|  30|0x0000000708200000, 0x0000000708200000, 0x0000000708400000|  0%| F|  |TAMS 0x0000000708200000| PB 0x0000000708200000| Untracked 
|  31|0x0000000708400000, 0x0000000708400000, 0x0000000708600000|  0%| F|  |TAMS 0x0000000708400000| PB 0x0000000708400000| Untracked 
|  32|0x0000000708600000, 0x0000000708600000, 0x0000000708800000|  0%| F|  |TAMS 0x0000000708600000| PB 0x0000000708600000| Untracked 
|  33|0x0000000708800000, 0x0000000708800000, 0x0000000708a00000|  0%| F|  |TAMS 0x0000000708800000| PB 0x0000000708800000| Untracked 
|  34|0x0000000708a00000, 0x0000000708a00000, 0x0000000708c00000|  0%| F|  |TAMS 0x0000000708a00000| PB 0x0000000708a00000| Untracked 
|  35|0x0000000708c00000, 0x0000000708c00000, 0x0000000708e00000|  0%| F|  |TAMS 0x0000000708c00000| PB 0x0000000708c00000| Untracked 
|  36|0x0000000708e00000, 0x0000000708e00000, 0x0000000709000000|  0%| F|  |TAMS 0x0000000708e00000| PB 0x0000000708e00000| Untracked 
|  37|0x0000000709000000, 0x0000000709000000, 0x0000000709200000|  0%| F|  |TAMS 0x0000000709000000| PB 0x0000000709000000| Untracked 
|  38|0x0000000709200000, 0x0000000709200000, 0x0000000709400000|  0%| F|  |TAMS 0x0000000709200000| PB 0x0000000709200000| Untracked 
|  39|0x0000000709400000, 0x0000000709400000, 0x0000000709600000|  0%| F|  |TAMS 0x0000000709400000| PB 0x0000000709400000| Untracked 
|  97|0x0000000710800000, 0x0000000710800000, 0x0000000710a00000|  0%| F|  |TAMS 0x0000000710800000| PB 0x0000000710800000| Untracked 
|  98|0x0000000710a00000, 0x0000000710a00000, 0x0000000710c00000|  0%| F|  |TAMS 0x0000000710a00000| PB 0x0000000710a00000| Untracked 
|  99|0x0000000710c00000, 0x0000000710c662c8, 0x0000000710e00000| 19%| E|  |TAMS 0x0000000710c00000| PB 0x0000000710c00000| Complete 
| 100|0x0000000710e00000, 0x0000000711000000, 0x0000000711000000|100%| E|CS|TAMS 0x0000000710e00000| PB 0x0000000710e00000| Complete 
| 125|0x0000000714000000, 0x0000000714200000, 0x0000000714200000|100%| E|CS|TAMS 0x0000000714000000| PB 0x0000000714000000| Complete 

Card table byte_map: [0x000001ca71c50000,0x000001ca72430000] _byte_map_base: 0x000001ca6e42d000

Marking Bits: (CMBitMap*) 0x000001ca6632fab0
 Bits: [0x000001ca72c10000, 0x000001ca76af8000)

Polling page: 0x000001ca64230000

Metaspace:

Usage:
  Non-class:     61.10 MB used.
      Class:     10.54 MB used.
       Both:     71.64 MB used.

Virtual space:
  Non-class space:       64.00 MB reserved,      61.50 MB ( 96%) committed,  1 nodes.
      Class space:        1.00 GB reserved,      10.88 MB (  1%) committed,  1 nodes.
             Both:        1.06 GB reserved,      72.38 MB (  7%) committed. 

Chunk freelists:
   Non-Class:  1.98 MB
       Class:  1.04 MB
        Both:  3.01 MB

MaxMetaspaceSize: unlimited
CompressedClassSpaceSize: 1.00 GB
Initial GC threshold: 21.00 MB
Current GC threshold: 120.44 MB
CDS: on
MetaspaceReclaimPolicy: balanced
 - commit_granule_bytes: 65536.
 - commit_granule_words: 8192.
 - virtual_space_node_default_size: 8388608.
 - enlarge_chunks_in_place: 1.
 - new_chunks_are_fully_committed: 0.
 - uncommit_free_chunks: 1.
 - use_allocation_guard: 0.


Internal statistics:

num_allocs_failed_limit: 6.
num_arena_births: 1354.
num_arena_deaths: 370.
num_vsnodes_births: 2.
num_vsnodes_deaths: 0.
num_space_committed: 1158.
num_space_uncommitted: 0.
num_chunks_returned_to_freelist: 439.
num_chunks_taken_from_freelist: 4455.
num_chunk_merges: 113.
num_chunk_splits: 2945.
num_chunks_enlarged: 2167.
num_inconsistent_stats: 0.

CodeCache: size=49152Kb used=20426Kb max_used=20426Kb free=28725Kb
 bounds [0x000001ca6e360000, 0x000001ca6f760000, 0x000001ca71360000]
 total_blobs=10917 nmethods=10190 adapters=647
 compilation: enabled
              stopped_count=0, restarted_count=0
 full_count=0

Compilation events (20 events):
Event: 540.615 Thread 0x000001ca79569d70 12716       1       org.hibernate.Hibernate::isInitialized (77 bytes)
Event: 540.616 Thread 0x000001ca79569d70 nmethod 12716 0x000001ca6e867310 code [0x000001ca6e867540, 0x000001ca6e867ba8]
Event: 540.616 Thread 0x000001ca79569d70 12718       1       org.hibernate.metamodel.mapping.internal.AbstractEmbeddableMapping::getValues (88 bytes)
Event: 540.617 Thread 0x000001ca79569d70 nmethod 12718 0x000001ca6e866690 code [0x000001ca6e8668c0, 0x000001ca6e866f68]
Event: 540.617 Thread 0x000001ca79569d70 12719       1       org.hibernate.type.ComponentType::deepCopy (115 bytes)
Event: 540.618 Thread 0x000001ca010fe580 nmethod 12699 0x000001ca6f70a310 code [0x000001ca6f70a900, 0x000001ca6f70cac8]
Event: 540.619 Thread 0x000001ca010fe580 12720   !   1       com.zaxxer.hikari.pool.HikariProxyConnection::isClosed (12 bytes)
Event: 540.619 Thread 0x000001ca010fe580 nmethod 12720 0x000001ca6e866310 code [0x000001ca6e8664a0, 0x000001ca6e8665c8]
Event: 540.619 Thread 0x000001ca010fe580 12721       1       com.zaxxer.hikari.pool.ProxyConnection::isClosed (16 bytes)
Event: 540.619 Thread 0x000001ca79569d70 nmethod 12719 0x000001ca6e865290 code [0x000001ca6e865500, 0x000001ca6e865d60]
Event: 540.619 Thread 0x000001ca79569d70 12722   !   1       org.hibernate.engine.jdbc.spi.SqlExceptionHelper::handleAndClearWarnings (55 bytes)
Event: 540.619 Thread 0x000001ca010fe580 nmethod 12721 0x000001ca6eec7090 code [0x000001ca6eec7200, 0x000001ca6eec72f0]
Event: 540.619 Thread 0x000001ca010fe580 12723   !   1       com.zaxxer.hikari.pool.HikariProxyConnection::clearWarnings (20 bytes)
Event: 540.619 Thread 0x000001ca010fe580 nmethod 12723 0x000001ca6e864e90 code [0x000001ca6e865020, 0x000001ca6e865160]
Event: 540.620 Thread 0x000001ca010fe580 12724   !   1       org.hibernate.internal.NonContextualJdbcConnectionAccess::releaseConnection (87 bytes)
Event: 540.620 Thread 0x000001ca79569d70 nmethod 12722 0x000001ca6e864790 code [0x000001ca6e864980, 0x000001ca6e864c28]
Event: 540.620 Thread 0x000001ca79569d70 12725       1       org.hibernate.engine.jdbc.connections.internal.DatasourceConnectionProviderImpl::closeConnection (7 bytes)
Event: 540.620 Thread 0x000001ca79569d70 nmethod 12725 0x000001ca6eecf990 code [0x000001ca6eecfb20, 0x000001ca6eecfc10]
Event: 540.620 Thread 0x000001ca79569d70 12726  s!   1       com.zaxxer.hikari.pool.ProxyConnection::closeStatements (113 bytes)
Event: 540.620 Thread 0x000001ca010fe580 nmethod 12724 0x000001ca6e863e90 code [0x000001ca6e864060, 0x000001ca6e864408]

GC Heap History (20 events):
Event: 17.184 GC heap before
{Heap before GC invocations=14 (full 0):
 garbage-first heap   total 61440K, used 50926K [0x0000000704600000, 0x0000000800000000)
  region size 2048K, 14 young (28672K), 2 survivors (4096K)
 Metaspace       used 60616K, committed 61376K, reserved 1114112K
  class space    used 8773K, committed 9088K, reserved 1048576K
}
Event: 17.200 GC heap after
{Heap after GC invocations=15 (full 0):
 garbage-first heap   total 61440K, used 30669K [0x0000000704600000, 0x0000000800000000)
  region size 2048K, 2 young (4096K), 2 survivors (4096K)
 Metaspace       used 60616K, committed 61376K, reserved 1114112K
  class space    used 8773K, committed 9088K, reserved 1048576K
}
Event: 17.735 GC heap before
{Heap before GC invocations=15 (full 0):
 garbage-first heap   total 61440K, used 51149K [0x0000000704600000, 0x0000000800000000)
  region size 2048K, 12 young (24576K), 2 survivors (4096K)
 Metaspace       used 61880K, committed 62528K, reserved 1114112K
  class space    used 8962K, committed 9216K, reserved 1048576K
}
Event: 17.746 GC heap after
{Heap after GC invocations=16 (full 0):
 garbage-first heap   total 61440K, used 33611K [0x0000000704600000, 0x0000000800000000)
  region size 2048K, 2 young (4096K), 2 survivors (4096K)
 Metaspace       used 61880K, committed 62528K, reserved 1114112K
  class space    used 8962K, committed 9216K, reserved 1048576K
}
Event: 17.953 GC heap before
{Heap before GC invocations=17 (full 0):
 garbage-first heap   total 75776K, used 49995K [0x0000000704600000, 0x0000000800000000)
  region size 2048K, 10 young (20480K), 2 survivors (4096K)
 Metaspace       used 61886K, committed 62528K, reserved 1114112K
  class space    used 8963K, committed 9216K, reserved 1048576K
}
Event: 17.962 GC heap after
{Heap after GC invocations=18 (full 0):
 garbage-first heap   total 92160K, used 34693K [0x0000000704600000, 0x0000000800000000)
  region size 2048K, 1 young (2048K), 1 survivors (2048K)
 Metaspace       used 61886K, committed 62528K, reserved 1114112K
  class space    used 8963K, committed 9216K, reserved 1048576K
}
Event: 20.650 GC heap before
{Heap before GC invocations=18 (full 0):
 garbage-first heap   total 92160K, used 79749K [0x0000000704600000, 0x0000000800000000)
  region size 2048K, 23 young (47104K), 1 survivors (2048K)
 Metaspace       used 66470K, committed 67200K, reserved 1114112K
  class space    used 9673K, committed 9984K, reserved 1048576K
}
Event: 20.669 GC heap after
{Heap after GC invocations=19 (full 0):
 garbage-first heap   total 92160K, used 38815K [0x0000000704600000, 0x0000000800000000)
  region size 2048K, 3 young (6144K), 3 survivors (6144K)
 Metaspace       used 66470K, committed 67200K, reserved 1114112K
  class space    used 9673K, committed 9984K, reserved 1048576K
}
Event: 415.750 GC heap before
{Heap before GC invocations=19 (full 0):
 garbage-first heap   total 92160K, used 77727K [0x0000000704600000, 0x0000000800000000)
  region size 2048K, 22 young (45056K), 3 survivors (6144K)
 Metaspace       used 67075K, committed 67840K, reserved 1114112K
  class space    used 9765K, committed 10112K, reserved 1048576K
}
Event: 415.771 GC heap after
{Heap after GC invocations=20 (full 0):
 garbage-first heap   total 92160K, used 39347K [0x0000000704600000, 0x0000000800000000)
  region size 2048K, 1 young (2048K), 1 survivors (2048K)
 Metaspace       used 67075K, committed 67840K, reserved 1114112K
  class space    used 9765K, committed 10112K, reserved 1048576K
}
Event: 502.676 GC heap before
{Heap before GC invocations=21 (full 0):
 garbage-first heap   total 92160K, used 78259K [0x0000000704600000, 0x0000000800000000)
  region size 2048K, 21 young (43008K), 1 survivors (2048K)
 Metaspace       used 72687K, committed 73408K, reserved 1114112K
  class space    used 10675K, committed 11008K, reserved 1048576K
}
Event: 502.692 GC heap after
{Heap after GC invocations=22 (full 0):
 garbage-first heap   total 92160K, used 41537K [0x0000000704600000, 0x0000000800000000)
  region size 2048K, 2 young (4096K), 2 survivors (4096K)
 Metaspace       used 72687K, committed 73408K, reserved 1114112K
  class space    used 10675K, committed 11008K, reserved 1048576K
}
Event: 537.994 GC heap before
{Heap before GC invocations=22 (full 0):
 garbage-first heap   total 92160K, used 64065K [0x0000000704600000, 0x0000000800000000)
  region size 2048K, 15 young (30720K), 2 survivors (4096K)
 Metaspace       used 73281K, committed 73984K, reserved 1114112K
  class space    used 10772K, committed 11072K, reserved 1048576K
}
Event: 537.999 GC heap after
{Heap after GC invocations=23 (full 0):
 garbage-first heap   total 92160K, used 41959K [0x0000000704600000, 0x0000000800000000)
  region size 2048K, 2 young (4096K), 2 survivors (4096K)
 Metaspace       used 73281K, committed 73984K, reserved 1114112K
  class space    used 10772K, committed 11072K, reserved 1048576K
}
Event: 539.110 GC heap before
{Heap before GC invocations=24 (full 0):
 garbage-first heap   total 92160K, used 78823K [0x0000000704600000, 0x0000000800000000)
  region size 2048K, 21 young (43008K), 2 survivors (4096K)
 Metaspace       used 73265K, committed 73984K, reserved 1114112K
  class space    used 10767K, committed 11072K, reserved 1048576K
}
Event: 539.116 GC heap after
{Heap after GC invocations=25 (full 0):
 garbage-first heap   total 92160K, used 41921K [0x0000000704600000, 0x0000000800000000)
  region size 2048K, 2 young (4096K), 2 survivors (4096K)
 Metaspace       used 73265K, committed 73984K, reserved 1114112K
  class space    used 10767K, committed 11072K, reserved 1048576K
}
Event: 539.736 GC heap before
{Heap before GC invocations=25 (full 0):
 garbage-first heap   total 92160K, used 62401K [0x0000000704600000, 0x0000000800000000)
  region size 2048K, 14 young (28672K), 2 survivors (4096K)
 Metaspace       used 73354K, committed 74112K, reserved 1114112K
  class space    used 10789K, committed 11136K, reserved 1048576K
}
Event: 539.742 GC heap after
{Heap after GC invocations=26 (full 0):
 garbage-first heap   total 92160K, used 41907K [0x0000000704600000, 0x0000000800000000)
  region size 2048K, 2 young (4096K), 2 survivors (4096K)
 Metaspace       used 73354K, committed 74112K, reserved 1114112K
  class space    used 10789K, committed 11136K, reserved 1048576K
}
Event: 540.556 GC heap before
{Heap before GC invocations=27 (full 0):
 garbage-first heap   total 92160K, used 80819K [0x0000000704600000, 0x0000000800000000)
  region size 2048K, 21 young (43008K), 2 survivors (4096K)
 Metaspace       used 73355K, committed 74112K, reserved 1114112K
  class space    used 10789K, committed 11136K, reserved 1048576K
}
Event: 540.562 GC heap after
{Heap after GC invocations=28 (full 0):
 garbage-first heap   total 92160K, used 41908K [0x0000000704600000, 0x0000000800000000)
  region size 2048K, 2 young (4096K), 2 survivors (4096K)
 Metaspace       used 73355K, committed 74112K, reserved 1114112K
  class space    used 10789K, committed 11136K, reserved 1048576K
}

Dll operation events (11 events):
Event: 0.008 Loaded shared library C:\Program Files\Java\jdk-20\bin\java.dll
Event: 0.020 Loaded shared library C:\Program Files\Java\jdk-20\bin\jsvml.dll
Event: 0.117 Loaded shared library C:\Program Files\Java\jdk-20\bin\net.dll
Event: 0.120 Loaded shared library C:\Program Files\Java\jdk-20\bin\nio.dll
Event: 0.125 Loaded shared library C:\Program Files\Java\jdk-20\bin\zip.dll
Event: 0.332 Loaded shared library C:\Program Files\Java\jdk-20\bin\jimage.dll
Event: 1.056 Loaded shared library C:\Program Files\Java\jdk-20\bin\management.dll
Event: 1.065 Loaded shared library C:\Program Files\Java\jdk-20\bin\management_ext.dll
Event: 3.245 Loaded shared library C:\Program Files\Java\jdk-20\bin\sunmscapi.dll
Event: 8.749 Loaded shared library C:\Program Files\Java\jdk-20\bin\verify.dll
Event: 9.410 Loaded shared library C:\Program Files\Java\jdk-20\bin\extnet.dll

Deoptimization events (14 events):
Event: 2.964 Thread 0x000001ca7e08d8e0 DEOPT PACKING pc=0x000001ca6e9060e1 sp=0x000000697defced0
Event: 2.964 Thread 0x000001ca7e08d8e0 DEOPT UNPACKING pc=0x000001ca6e3ca4c2 sp=0x000000697defc3b0 mode 3
Event: 3.190 Thread 0x000001ca7e08d8e0 DEOPT PACKING pc=0x000001ca6e965add sp=0x000000697defd4f0
Event: 3.190 Thread 0x000001ca7e08d8e0 DEOPT UNPACKING pc=0x000001ca6e3ca4c2 sp=0x000000697defc998 mode 3
Event: 6.286 Thread 0x000001ca7e08d8e0 DEOPT PACKING pc=0x000001ca6eaead7c sp=0x000000697defccb0
Event: 6.286 Thread 0x000001ca7e08d8e0 DEOPT UNPACKING pc=0x000001ca6e3ca4c2 sp=0x000000697defc168 mode 0
Event: 7.738 Thread 0x000001ca7e08d8e0 DEOPT PACKING pc=0x000001ca6ec25cf5 sp=0x000000697defc0f0
Event: 7.738 Thread 0x000001ca7e08d8e0 DEOPT UNPACKING pc=0x000001ca6e3ca4c2 sp=0x000000697defb658 mode 3
Event: 15.200 Thread 0x000001ca7e08d8e0 DEOPT PACKING pc=0x000001ca6e9537f1 sp=0x000000697defbc30
Event: 15.200 Thread 0x000001ca7e08d8e0 DEOPT UNPACKING pc=0x000001ca6e3ca4c2 sp=0x000000697defb138 mode 3
Event: 15.373 Thread 0x000001ca7e08d8e0 DEOPT PACKING pc=0x000001ca6e94b4c4 sp=0x000000697defc0d0
Event: 15.373 Thread 0x000001ca7e08d8e0 DEOPT UNPACKING pc=0x000001ca6e3ca4c2 sp=0x000000697defb628 mode 0
Event: 502.822 Thread 0x000001ca7ee5b4d0 DEOPT PACKING pc=0x000001ca6f210226 sp=0x000000697f1fb460
Event: 502.823 Thread 0x000001ca7ee5b4d0 DEOPT UNPACKING pc=0x000001ca6e3ca4c2 sp=0x000000697f1fa968 mode 3

Classes loaded (20 events):
Event: 502.599 Loading class java/util/stream/DoubleStream
Event: 502.601 Loading class java/util/stream/DoubleStream done
Event: 502.632 Loading class jdk/internal/reflect/MethodHandleBooleanFieldAccessorImpl
Event: 502.633 Loading class jdk/internal/reflect/MethodHandleBooleanFieldAccessorImpl done
Event: 502.671 Loading class org/w3c/dom/Node
Event: 502.672 Loading class org/w3c/dom/Node done
Event: 502.672 Loading class org/w3c/dom/Document
Event: 502.672 Loading class org/w3c/dom/Document done
Event: 537.546 Loading class java/util/ArrayList$SubList$2
Event: 537.546 Loading class java/util/ArrayList$SubList$2 done
Event: 537.561 Loading class java/util/stream/ReferencePipeline$4
Event: 537.561 Loading class java/util/stream/ReferencePipeline$4 done
Event: 537.561 Loading class java/util/function/IntBinaryOperator
Event: 537.561 Loading class java/util/function/IntBinaryOperator done
Event: 537.562 Loading class java/util/stream/ReduceOps$7
Event: 537.562 Loading class java/util/stream/ReduceOps$7 done
Event: 537.562 Loading class java/util/stream/ReduceOps$6ReducingSink
Event: 537.562 Loading class java/util/stream/ReduceOps$6ReducingSink done
Event: 537.562 Loading class java/util/stream/ReferencePipeline$4$1
Event: 537.562 Loading class java/util/stream/ReferencePipeline$4$1 done

Classes unloaded (20 events):
Event: 538.064 Thread 0x000001ca795346f0 Unloading class 0x0000000801975800 'java/lang/invoke/LambdaForm$MH+0x0000000801975800'
Event: 538.064 Thread 0x000001ca795346f0 Unloading class 0x0000000801975400 'java/lang/invoke/LambdaForm$MH+0x0000000801975400'
Event: 538.064 Thread 0x000001ca795346f0 Unloading class 0x0000000801974800 'java/lang/invoke/LambdaForm$MH+0x0000000801974800'
Event: 538.064 Thread 0x000001ca795346f0 Unloading class 0x0000000801974400 'java/lang/invoke/LambdaForm$MH+0x0000000801974400'
Event: 538.064 Thread 0x000001ca795346f0 Unloading class 0x0000000801974000 'java/lang/invoke/LambdaForm$MH+0x0000000801974000'
Event: 538.065 Thread 0x000001ca795346f0 Unloading class 0x0000000801950000 'java/lang/invoke/LambdaForm$MH+0x0000000801950000'
Event: 538.065 Thread 0x000001ca795346f0 Unloading class 0x0000000801939400 'java/lang/invoke/LambdaForm$MH+0x0000000801939400'
Event: 538.065 Thread 0x000001ca795346f0 Unloading class 0x0000000801939000 'java/lang/invoke/LambdaForm$MH+0x0000000801939000'
Event: 538.065 Thread 0x000001ca795346f0 Unloading class 0x0000000801938c00 'java/lang/invoke/LambdaForm$MH+0x0000000801938c00'
Event: 538.065 Thread 0x000001ca795346f0 Unloading class 0x0000000801938400 'java/lang/invoke/LambdaForm$MH+0x0000000801938400'
Event: 538.065 Thread 0x000001ca795346f0 Unloading class 0x0000000801938000 'java/lang/invoke/LambdaForm$MH+0x0000000801938000'
Event: 538.065 Thread 0x000001ca795346f0 Unloading class 0x0000000801930800 'java/lang/invoke/LambdaForm$MH+0x0000000801930800'
Event: 538.065 Thread 0x000001ca795346f0 Unloading class 0x0000000801930400 'java/lang/invoke/LambdaForm$MH+0x0000000801930400'
Event: 538.065 Thread 0x000001ca795346f0 Unloading class 0x0000000801930000 'java/lang/invoke/LambdaForm$MH+0x0000000801930000'
Event: 538.065 Thread 0x000001ca795346f0 Unloading class 0x0000000801912000 'java/lang/invoke/LambdaForm$MH+0x0000000801912000'
Event: 538.065 Thread 0x000001ca795346f0 Unloading class 0x0000000801911c00 'java/lang/invoke/LambdaForm$MH+0x0000000801911c00'
Event: 538.065 Thread 0x000001ca795346f0 Unloading class 0x0000000801911800 'java/lang/invoke/LambdaForm$MH+0x0000000801911800'
Event: 538.065 Thread 0x000001ca795346f0 Unloading class 0x0000000801910800 'java/lang/invoke/LambdaForm$MH+0x0000000801910800'
Event: 538.065 Thread 0x000001ca795346f0 Unloading class 0x0000000801910400 'java/lang/invoke/LambdaForm$MH+0x0000000801910400'
Event: 538.065 Thread 0x000001ca795346f0 Unloading class 0x0000000801910000 'java/lang/invoke/LambdaForm$MH+0x0000000801910000'

Classes redefined (0 events):
No events

Internal exceptions (20 events):
Event: 501.387 Thread 0x000001ca7f4ef510 Exception <a 'java/lang/NoSuchMethodError'{0x00000007108c5230}: 'java.lang.Object java.lang.invoke.DirectMethodHandle$Holder.invokeSpecial(java.lang.Object, java.lang.Object, java.lang.Object, java.lang.Object, java.lang.Object, long)'> (0x00000007108c5230) 
thrown [s\open\src\hotspot\share\interpreter\linkResolver.cpp, line 773]
Event: 501.388 Thread 0x000001ca7f4ef510 Exception <a 'java/lang/NoSuchMethodError'{0x00000007108c8a00}: 'java.lang.Object java.lang.invoke.Invokers$Holder.linkToTargetMethod(java.lang.Object, java.lang.Object, java.lang.Object, long, java.lang.Object)'> (0x00000007108c8a00) 
thrown [s\open\src\hotspot\share\interpreter\linkResolver.cpp, line 773]
Event: 501.847 Thread 0x000001ca7f4edfd0 Exception <a 'sun/nio/fs/WindowsException'{0x00000007091e61c0}> (0x00000007091e61c0) 
thrown [s\open\src\hotspot\share\prims\jni.cpp, line 519]
Event: 502.362 Thread 0x000001ca7f4ebff0 Exception <a 'java/lang/NoSuchMethodError'{0x0000000707e639c8}: 'void java.lang.invoke.DirectMethodHandle$Holder.invokeSpecialIFC(java.lang.Object, java.lang.Object, int, java.lang.Object, java.lang.Object, java.lang.Object, java.lang.Object)'> (0x0000000707e639c8) 
thrown [s\open\src\hotspot\share\interpreter\linkResolver.cpp, line 773]
Event: 502.362 Thread 0x000001ca7ee5a4e0 Exception <a 'java/lang/NoSuchMethodError'{0x0000000707e519f0}: 'void java.lang.invoke.DirectMethodHandle$Holder.invokeSpecialIFC(java.lang.Object, java.lang.Object, int, java.lang.Object, java.lang.Object, java.lang.Object, java.lang.Object)'> (0x0000000707e519f0) 
thrown [s\open\src\hotspot\share\interpreter\linkResolver.cpp, line 773]
Event: 502.362 Thread 0x000001ca7f4edfd0 Exception <a 'java/lang/NoSuchMethodError'{0x0000000707e72d78}: 'void java.lang.invoke.DirectMethodHandle$Holder.invokeSpecialIFC(java.lang.Object, java.lang.Object, int, java.lang.Object, java.lang.Object, java.lang.Object, java.lang.Object)'> (0x0000000707e72d78) 
thrown [s\open\src\hotspot\share\interpreter\linkResolver.cpp, line 773]
Event: 502.362 Thread 0x000001ca7ee5af80 Exception <a 'java/lang/NoSuchMethodError'{0x0000000707e20fe8}: 'void java.lang.invoke.DirectMethodHandle$Holder.invokeSpecialIFC(java.lang.Object, java.lang.Object, int, java.lang.Object, java.lang.Object, java.lang.Object, java.lang.Object)'> (0x0000000707e20fe8) 
thrown [s\open\src\hotspot\share\interpreter\linkResolver.cpp, line 773]
Event: 502.362 Thread 0x000001ca7f4eaab0 Exception <a 'java/lang/NoSuchMethodError'{0x0000000707e84058}: 'void java.lang.invoke.DirectMethodHandle$Holder.invokeSpecialIFC(java.lang.Object, java.lang.Object, int, java.lang.Object, java.lang.Object, java.lang.Object, java.lang.Object)'> (0x0000000707e84058) 
thrown [s\open\src\hotspot\share\interpreter\linkResolver.cpp, line 773]
Event: 502.362 Thread 0x000001ca7f4f1a40 Exception <a 'java/lang/NoSuchMethodError'{0x0000000707e44530}: 'void java.lang.invoke.DirectMethodHandle$Holder.invokeSpecialIFC(java.lang.Object, java.lang.Object, int, java.lang.Object, java.lang.Object, java.lang.Object, java.lang.Object)'> (0x0000000707e44530) 
thrown [s\open\src\hotspot\share\interpreter\linkResolver.cpp, line 773]
Event: 502.619 Thread 0x000001ca7f4ebff0 Exception <a 'java/lang/NoSuchMethodError'{0x0000000707bf9810}: 'java.lang.Object java.lang.invoke.DirectMethodHandle$Holder.invokeInterface(java.lang.Object, java.lang.Object, java.lang.Object, java.lang.Object)'> (0x0000000707bf9810) 
thrown [s\open\src\hotspot\share\interpreter\linkResolver.cpp, line 773]
Event: 502.620 Thread 0x000001ca7ee5af80 Exception <a 'java/lang/NoSuchMethodError'{0x0000000707606338}: 'java.lang.Object java.lang.invoke.DirectMethodHandle$Holder.invokeInterface(java.lang.Object, java.lang.Object, java.lang.Object, java.lang.Object)'> (0x0000000707606338) 
thrown [s\open\src\hotspot\share\interpreter\linkResolver.cpp, line 773]
Event: 502.629 Thread 0x000001ca7ee5af80 Exception <a 'java/lang/IncompatibleClassChangeError'{0x00000007076519c0}: Found class java.lang.Object, but interface was expected> (0x00000007076519c0) 
thrown [s\open\src\hotspot\share\interpreter\linkResolver.cpp, line 840]
Event: 502.633 Thread 0x000001ca7f4f1a40 Exception <a 'java/lang/NoSuchMethodError'{0x000000070768fcc0}: 'void java.lang.invoke.DelegatingMethodHandle$Holder.reinvoke_L(java.lang.Object, java.lang.Object, int)'> (0x000000070768fcc0) 
thrown [s\open\src\hotspot\share\interpreter\linkResolver.cpp, line 773]
Event: 502.635 Thread 0x000001ca7f4f1a40 Exception <a 'java/lang/NoSuchMethodError'{0x0000000707696ea8}: 'void java.lang.invoke.Invokers$Holder.invokeExact_MT(java.lang.Object, java.lang.Object, int, java.lang.Object)'> (0x0000000707696ea8) 
thrown [s\open\src\hotspot\share\interpreter\linkResolver.cpp, line 773]
Event: 502.662 Thread 0x000001ca7f4ebff0 Exception <a 'java/lang/IncompatibleClassChangeError'{0x0000000707742638}: Found class java.lang.Object, but interface was expected> (0x0000000707742638) 
thrown [s\open\src\hotspot\share\interpreter\linkResolver.cpp, line 840]
Event: 502.662 Thread 0x000001ca7ee5af80 Exception <a 'java/lang/IncompatibleClassChangeError'{0x0000000707725bc8}: Found class java.lang.Object, but interface was expected> (0x0000000707725bc8) 
thrown [s\open\src\hotspot\share\interpreter\linkResolver.cpp, line 840]
Event: 537.545 Thread 0x000001ca7f4f1a40 Exception <a 'java/lang/NoSuchMethodError'{0x000000071085e868}: 'java.lang.Object java.lang.invoke.DirectMethodHandle$Holder.invokeStatic(java.lang.Object, int, int)'> (0x000000071085e868) 
thrown [s\open\src\hotspot\share\interpreter\linkResolver.cpp, line 773]
Event: 537.546 Thread 0x000001ca7f4edfd0 Exception <a 'java/lang/NoSuchMethodError'{0x0000000710fc2528}: 'java.lang.Object java.lang.invoke.DirectMethodHandle$Holder.invokeStatic(java.lang.Object, int, int)'> (0x0000000710fc2528) 
thrown [s\open\src\hotspot\share\interpreter\linkResolver.cpp, line 773]
Event: 537.581 Thread 0x000001ca7ee5af80 Exception <a 'java/lang/NoSuchMethodError'{0x00000007109d7a88}: 'java.lang.Object java.lang.invoke.DirectMethodHandle$Holder.invokeInterface(java.lang.Object, java.lang.Object, java.lang.Object, java.lang.Object, java.lang.Object)'> (0x00000007109d7a88) 
thrown [s\open\src\hotspot\share\interpreter\linkResolver.cpp, line 773]
Event: 537.581 Thread 0x000001ca7f4ebff0 Exception <a 'java/lang/NoSuchMethodError'{0x00000007109f8ba0}: 'java.lang.Object java.lang.invoke.DirectMethodHandle$Holder.invokeInterface(java.lang.Object, java.lang.Object, java.lang.Object, java.lang.Object, java.lang.Object)'> (0x00000007109f8ba0) 
thrown [s\open\src\hotspot\share\interpreter\linkResolver.cpp, line 773]

VM Operations (20 events):
Event: 537.994 Executing VM operation: G1TryInitiateConcMark
Event: 537.999 Executing VM operation: G1TryInitiateConcMark done
Event: 538.064 Executing VM operation: G1PauseRemark
Event: 538.078 Executing VM operation: G1PauseRemark done
Event: 538.117 Executing VM operation: G1PauseCleanup
Event: 538.117 Executing VM operation: G1PauseCleanup done
Event: 538.478 Executing VM operation: ICBufferFull
Event: 538.478 Executing VM operation: ICBufferFull done
Event: 539.074 Executing VM operation: ICBufferFull
Event: 539.075 Executing VM operation: ICBufferFull done
Event: 539.110 Executing VM operation: G1CollectForAllocation
Event: 539.116 Executing VM operation: G1CollectForAllocation done
Event: 539.735 Executing VM operation: G1TryInitiateConcMark
Event: 539.742 Executing VM operation: G1TryInitiateConcMark done
Event: 539.802 Executing VM operation: G1PauseRemark
Event: 539.811 Executing VM operation: G1PauseRemark done
Event: 539.849 Executing VM operation: G1PauseCleanup
Event: 539.849 Executing VM operation: G1PauseCleanup done
Event: 540.556 Executing VM operation: G1CollectForAllocation
Event: 540.564 Executing VM operation: G1CollectForAllocation done

Events (20 events):
Event: 539.810 Thread 0x000001ca795346f0 flushing nmethod 0x000001ca6e5ebf10
Event: 539.810 Thread 0x000001ca795346f0 flushing nmethod 0x000001ca6e5fd010
Event: 539.810 Thread 0x000001ca795346f0 flushing nmethod 0x000001ca6e5eba10
Event: 539.810 Thread 0x000001ca795346f0 flushing nmethod 0x000001ca6e5eb590
Event: 539.810 Thread 0x000001ca795346f0 flushing nmethod 0x000001ca6e5ead90
Event: 539.810 Thread 0x000001ca795346f0 flushing nmethod 0x000001ca6e5ea710
Event: 539.810 Thread 0x000001ca795346f0 flushing nmethod 0x000001ca6e5ea410
Event: 539.810 Thread 0x000001ca795346f0 flushing nmethod 0x000001ca6e5edc90
Event: 539.810 Thread 0x000001ca795346f0 flushing nmethod 0x000001ca6e5f8510
Event: 539.810 Thread 0x000001ca795346f0 flushing nmethod 0x000001ca6e5eca10
Event: 539.811 Thread 0x000001ca795346f0 flushing nmethod 0x000001ca6e5ec610
Event: 539.811 Thread 0x000001ca795346f0 flushing nmethod 0x000001ca6e5e8690
Event: 539.811 Thread 0x000001ca795346f0 flushing nmethod 0x000001ca6e5e1410
Event: 539.811 Thread 0x000001ca795346f0 flushing nmethod 0x000001ca6e5bff90
Event: 539.811 Thread 0x000001ca795346f0 flushing nmethod 0x000001ca6e5b7510
Event: 539.811 Thread 0x000001ca795346f0 flushing nmethod 0x000001ca6e5b6e90
Event: 539.811 Thread 0x000001ca795346f0 flushing nmethod 0x000001ca6e5b6790
Event: 539.811 Thread 0x000001ca795346f0 flushing nmethod 0x000001ca6e48cb90
Event: 539.811 Thread 0x000001ca795346f0 flushing nmethod 0x000001ca6e48fc10
Event: 539.811 Thread 0x000001ca795346f0 flushing nmethod 0x000001ca6e48e190


Dynamic libraries:
0x00007ff6889a0000 - 0x00007ff6889b0000 	C:\Program Files\Java\jdk-20\bin\java.exe
0x00007ffdf1bd0000 - 0x00007ffdf1de7000 	C:\WINDOWS\SYSTEM32\ntdll.dll
0x00007ffdf0d30000 - 0x00007ffdf0df4000 	C:\WINDOWS\System32\KERNEL32.DLL
0x00007ffdef1d0000 - 0x00007ffdef576000 	C:\WINDOWS\System32\KERNELBASE.dll
0x00007ffdef6d0000 - 0x00007ffdef7e1000 	C:\WINDOWS\System32\ucrtbase.dll
0x00007ffddbd30000 - 0x00007ffddbd4b000 	C:\Program Files\Java\jdk-20\bin\VCRUNTIME140.dll
0x00007ffddb360000 - 0x00007ffddb379000 	C:\Program Files\Java\jdk-20\bin\jli.dll
0x00007ffdf0e90000 - 0x00007ffdf0f43000 	C:\WINDOWS\System32\ADVAPI32.dll
0x00007ffdf0c80000 - 0x00007ffdf0d27000 	C:\WINDOWS\System32\msvcrt.dll
0x00007ffdf08a0000 - 0x00007ffdf0948000 	C:\WINDOWS\System32\sechost.dll
0x00007ffdeefb0000 - 0x00007ffdeefd8000 	C:\WINDOWS\System32\bcrypt.dll
0x00007ffdf0b60000 - 0x00007ffdf0c77000 	C:\WINDOWS\System32\RPCRT4.dll
0x00007ffdf0610000 - 0x00007ffdf07be000 	C:\WINDOWS\System32\USER32.dll
0x00007ffdd3390000 - 0x00007ffdd3623000 	C:\WINDOWS\WinSxS\amd64_microsoft.windows.common-controls_6595b64144ccf1df_6.0.22621.2506_none_270c5ae97388e100\COMCTL32.dll
0x00007ffdef580000 - 0x00007ffdef5a6000 	C:\WINDOWS\System32\win32u.dll
0x00007ffdf0f50000 - 0x00007ffdf0f79000 	C:\WINDOWS\System32\GDI32.dll
0x00007ffdef5b0000 - 0x00007ffdef6c8000 	C:\WINDOWS\System32\gdi32full.dll
0x00007ffdeef10000 - 0x00007ffdeefaa000 	C:\WINDOWS\System32\msvcp_win.dll
0x00007ffde4690000 - 0x00007ffde469a000 	C:\WINDOWS\SYSTEM32\VERSION.dll
0x00007ffdf10c0000 - 0x00007ffdf10f1000 	C:\WINDOWS\System32\IMM32.DLL
0x00007ffde7b40000 - 0x00007ffde7b4c000 	C:\Program Files\Java\jdk-20\bin\vcruntime140_1.dll
0x00007ffdbea90000 - 0x00007ffdbeb1e000 	C:\Program Files\Java\jdk-20\bin\msvcp140.dll
0x00007ffdaae10000 - 0x00007ffdabaa7000 	C:\Program Files\Java\jdk-20\bin\server\jvm.dll
0x00007ffde8ad0000 - 0x00007ffde8b04000 	C:\WINDOWS\SYSTEM32\WINMM.dll
0x00007ffdd0270000 - 0x00007ffdd0279000 	C:\WINDOWS\SYSTEM32\WSOCK32.dll
0x00007ffdf0e10000 - 0x00007ffdf0e81000 	C:\WINDOWS\System32\WS2_32.dll
0x00007ffdee030000 - 0x00007ffdee048000 	C:\WINDOWS\SYSTEM32\kernel.appcore.dll
0x00007ffddbd60000 - 0x00007ffddbd6a000 	C:\Program Files\Java\jdk-20\bin\jimage.dll
0x00007ffde8ec0000 - 0x00007ffde90f3000 	C:\WINDOWS\SYSTEM32\DBGHELP.DLL
0x00007ffdefb90000 - 0x00007ffdeff19000 	C:\WINDOWS\System32\combase.dll
0x00007ffdf07c0000 - 0x00007ffdf0897000 	C:\WINDOWS\System32\OLEAUT32.dll
0x00007ffde8a90000 - 0x00007ffde8ac2000 	C:\WINDOWS\SYSTEM32\dbgcore.DLL
0x00007ffdeefe0000 - 0x00007ffdef05a000 	C:\WINDOWS\System32\bcryptPrimitives.dll
0x00007ffdd97a0000 - 0x00007ffdd97c6000 	C:\Program Files\Java\jdk-20\bin\java.dll
0x00007ffdb8aa0000 - 0x00007ffdb8b77000 	C:\Program Files\Java\jdk-20\bin\jsvml.dll
0x00007ffdf1100000 - 0x00007ffdf195a000 	C:\WINDOWS\System32\SHELL32.dll
0x00007ffdece70000 - 0x00007ffded766000 	C:\WINDOWS\SYSTEM32\windows.storage.dll
0x00007ffdecd30000 - 0x00007ffdece6e000 	C:\WINDOWS\SYSTEM32\wintypes.dll
0x00007ffdf0fc0000 - 0x00007ffdf10b3000 	C:\WINDOWS\System32\SHCORE.dll
0x00007ffdf0950000 - 0x00007ffdf09ae000 	C:\WINDOWS\System32\shlwapi.dll
0x00007ffdeee40000 - 0x00007ffdeee66000 	C:\WINDOWS\SYSTEM32\profapi.dll
0x00007ffdd9fd0000 - 0x00007ffdd9fe3000 	C:\Program Files\Java\jdk-20\bin\net.dll
0x00007ffde8600000 - 0x00007ffde8737000 	C:\WINDOWS\SYSTEM32\WINHTTP.dll
0x00007ffdee4b0000 - 0x00007ffdee519000 	C:\WINDOWS\system32\mswsock.dll
0x00007ffdd6c80000 - 0x00007ffdd6c96000 	C:\Program Files\Java\jdk-20\bin\nio.dll
0x00007ffdd6c60000 - 0x00007ffdd6c78000 	C:\Program Files\Java\jdk-20\bin\zip.dll
0x00007ffdd9030000 - 0x00007ffdd903a000 	C:\Program Files\Java\jdk-20\bin\management.dll
0x00007ffdd8460000 - 0x00007ffdd846b000 	C:\Program Files\Java\jdk-20\bin\management_ext.dll
0x00007ffdef930000 - 0x00007ffdef938000 	C:\WINDOWS\System32\PSAPI.DLL
0x00007ffddb570000 - 0x00007ffddb57e000 	C:\Program Files\Java\jdk-20\bin\sunmscapi.dll
0x00007ffdef060000 - 0x00007ffdef1c6000 	C:\WINDOWS\System32\CRYPT32.dll
0x00007ffdee8c0000 - 0x00007ffdee8ee000 	C:\WINDOWS\SYSTEM32\ncrypt.dll
0x00007ffdee880000 - 0x00007ffdee8b7000 	C:\WINDOWS\SYSTEM32\NTASN1.dll
0x00007ffdee700000 - 0x00007ffdee71b000 	C:\WINDOWS\SYSTEM32\CRYPTSP.dll
0x00007ffdedf90000 - 0x00007ffdedfc5000 	C:\WINDOWS\system32\rsaenh.dll
0x00007ffdee5a0000 - 0x00007ffdee5cc000 	C:\WINDOWS\SYSTEM32\USERENV.dll
0x00007ffdee720000 - 0x00007ffdee72c000 	C:\WINDOWS\SYSTEM32\CRYPTBASE.dll
0x00007ffdedad0000 - 0x00007ffdedafd000 	C:\WINDOWS\SYSTEM32\IPHLPAPI.DLL
0x00007ffdef920000 - 0x00007ffdef929000 	C:\WINDOWS\System32\NSI.dll
0x00007ffde57c0000 - 0x00007ffde57d9000 	C:\WINDOWS\SYSTEM32\dhcpcsvc6.DLL
0x00007ffde5740000 - 0x00007ffde575f000 	C:\WINDOWS\SYSTEM32\dhcpcsvc.DLL
0x00007ffdedb00000 - 0x00007ffdedbf9000 	C:\WINDOWS\SYSTEM32\DNSAPI.dll
0x00007ffdd9570000 - 0x00007ffdd9580000 	C:\Program Files\Java\jdk-20\bin\verify.dll
0x00007ffddbef0000 - 0x00007ffddbefa000 	C:\Windows\System32\rasadhlp.dll
0x00007ffde4600000 - 0x00007ffde4683000 	C:\WINDOWS\System32\fwpuclnt.dll
0x00007ffddb560000 - 0x00007ffddb567000 	C:\Program Files\Java\jdk-20\bin\extnet.dll
0x00007ffde7b50000 - 0x00007ffde7b58000 	C:\WINDOWS\system32\wshunix.dll

dbghelp: loaded successfully - version: 4.0.5 - missing functions: none
symbol engine: initialized successfully - sym options: 0x614 - pdb path: .;C:\Program Files\Java\jdk-20\bin;C:\WINDOWS\SYSTEM32;C:\WINDOWS\WinSxS\amd64_microsoft.windows.common-controls_6595b64144ccf1df_6.0.22621.2506_none_270c5ae97388e100;C:\Program Files\Java\jdk-20\bin\server

VM Arguments:
jvm_args: -XX:TieredStopAtLevel=1 
java_command: com.delevery.deleveryspring.DeleveryspringApplication
java_class_path (initial): C:\Users\laptop\Desktop\deleveryspring\target\classes;C:\Users\laptop\.m2\repository\org\aspectj\aspectjweaver\1.9.22.1\aspectjweaver-1.9.22.1.jar;C:\Users\laptop\.m2\repository\com\zaxxer\HikariCP\5.1.0\HikariCP-5.1.0.jar;C:\Users\laptop\.m2\repository\org\springframework\spring-jdbc\6.1.14\spring-jdbc-6.1.14.jar;C:\Users\laptop\.m2\repository\org\hibernate\orm\hibernate-core\6.5.3.Final\hibernate-core-6.5.3.Final.jar;C:\Users\laptop\.m2\repository\jakarta\persistence\jakarta.persistence-api\3.1.0\jakarta.persistence-api-3.1.0.jar;C:\Users\laptop\.m2\repository\jakarta\transaction\jakarta.transaction-api\2.0.1\jakarta.transaction-api-2.0.1.jar;C:\Users\laptop\.m2\repository\org\jboss\logging\jboss-logging\3.5.3.Final\jboss-logging-3.5.3.Final.jar;C:\Users\laptop\.m2\repository\org\hibernate\common\hibernate-commons-annotations\6.0.6.Final\hibernate-commons-annotations-6.0.6.Final.jar;C:\Users\laptop\.m2\repository\io\smallrye\jandex\3.1.2\jandex-3.1.2.jar;C:\Users\laptop\.m2\repository\com\fasterxml\classmate\1.7.0\classmate-1.7.0.jar;C:\Users\laptop\.m2\repository\net\bytebuddy\byte-buddy\1.14.19\byte-buddy-1.14.19.jar;C:\Users\laptop\.m2\repository\org\glassfish\jaxb\jaxb-runtime\4.0.5\jaxb-runtime-4.0.5.jar;C:\Users\laptop\.m2\repository\org\glassfish\jaxb\jaxb-core\4.0.5\jaxb-core-4.0.5.jar;C:\Users\laptop\.m2\repository\org\eclipse\angus\angus-activation\2.0.2\angus-activation-2.0.2.jar;C:\Users\laptop\.m2\repository\org\glassfish\jaxb\txw2\4.0.5\txw2-4.0.5.jar;C:\Users\laptop\.m2\repository\com\sun\istack\istack-commons-runtime\4.1.2\istack-commons-runtime-4.1.2.jar;C:\Users\laptop\.m2\repository\jakarta\inject\jakarta.inject-api\2.0.1\jakarta.inject-api-2.0.1.jar;C:\Users\laptop\.m2\repository\org\antlr\antlr4-runtime\4.13.0\antlr4-runtime-4.13.0.jar;C:\Users\laptop\.m2\repository\org\springframework\data\spring-data-jpa\3.3.5\spring-data-jpa-3.3.5.jar;C:\Users\laptop\.m2\repository\org\springframework\data\spring-data-commons\3.3.5\spring-data-commons-3.3.5.jar;C:\Users\laptop\.m2\repository\org\springframework\spring-orm\6.1.14\spring-orm-6.1.14.jar;C:\Users\laptop\.m2\repository\org\springframework\spring-context\6.1.14\spring-context-6.1.14.jar;C:\Users\laptop\.m2\repository\org\springframework\spring-tx\6.1.14\spring-tx-6.1.14.jar;C:\Users\laptop\.m2\repository\org\springframework\spring-beans\6.1.14\spring-beans-6.1.14.jar;C:\Users\laptop\.m2\repository\jakarta\annotation\jakarta.annotation-api\2.1.1\jakarta.annotation-api-2.1.1.jar;C:\Users\laptop\.m2\repository\org\slf4j\slf4j-api\2.0.16\slf4j-api-2.0.16.jar;C:\Users\laptop\.m2\repository\org\springframework\spring-aspects\6.1.14\spring-aspects-6.1.14.jar;C:\Users\laptop\.m2\repository\ch\qos\logback\logback-classic\1.5.11\logback-classic-1.5.11.jar;C:\Users\laptop\.m2\repository\ch\qos\logback\logback-core\1.5.11\logback-core-1.5.11.jar;C:\Users\laptop\.m2\repository\org\apache\logging\log4j\log4j-to-slf4j\2.23.1\log4j-to-slf4j-2.23.1.jar;C:\Users\laptop\.m2\repository\org\apache\logging\log4j\log4j-api\2.23.1\log4j-api-2.23.1.jar;C:\Users\laptop\.m2\repository\org\slf4j\jul-to-slf4j\2.0.16\jul-to-slf4j-2.0.16.jar;C:\Users\laptop\.m2\repository\org\yaml\snakeyaml\2.2\snakeyaml-2.2.jar;C:\Users\laptop\.m2\repository\org\springframework\spring-aop\6.1.14\spring-aop-6.1.14.jar;C:\Users\laptop\.m2\repository\org\springframework\security\spring-security-config\6.3.4\spring-security-config-6.3.4.jar;C:\Users\laptop\.m2\repository\org\springframework\security\spring-security-web\6.3.4\spring-security-web-6.3.4.jar;C:\Users\laptop\.m2\repository\org\springframework\spring-expression\6.1.14\spring-expression-6.1.14.jar;C:\Users\laptop\.m2\repository\com\fasterxml\jackson\datatype\jackson-datatype-jdk8\2.17.2\jackson-datatype-jdk8-2.17.2.jar;C:\Users\laptop\.m2\repository\com\fasterxml\jackson\datatype\jackson-datatype-jsr310\2.17.2\jackson-datatype-jsr310-2.17.2.jar;C:\Users\laptop\.m2\repository\com\fasterxml\jackson\module\jackson-module-parameter-names\2.17.2\jackson-module-parameter-names-2.17.2.jar;C:\Users\laptop\.m2\repository\org\apache\tomcat\embed\tomcat-embed-core\10.1.31\tomcat-embed-core-10.1.31.jar;C:\Users\laptop\.m2\repository\org\apache\tomcat\embed\tomcat-embed-el\10.1.31\tomcat-embed-el-10.1.31.jar;C:\Users\laptop\.m2\repository\org\apache\tomcat\embed\tomcat-embed-websocket\10.1.31\tomcat-embed-websocket-10.1.31.jar;C:\Users\laptop\.m2\repository\org\springframework\spring-web\6.1.14\spring-web-6.1.14.jar;C:\Users\laptop\.m2\repository\io\micrometer\micrometer-observation\1.13.6\micrometer-observation-1.13.6.jar;C:\Users\laptop\.m2\repository\io\micrometer\micrometer-commons\1.13.6\micrometer-commons-1.13.6.jar;C:\Users\laptop\.m2\repository\org\springframework\spring-webmvc\6.1.14\spring-webmvc-6.1.14.jar;C:\Users\laptop\.m2\repository\org\springframework\boot\spring-boot-devtools\3.3.5\spring-boot-devtools-3.3.5.jar;C:\Users\laptop\.m2\repository\org\springframework\boot\spring-boot\3.3.5\spring-boot-3.3.5.jar;C:\Users\laptop\.m2\repository\org\springframework\boot\spring-boot-autoconfigure\3.3.5\spring-boot-autoconfigure-3.3.5.jar;C:\Users\laptop\.m2\repository\com\mysql\mysql-connector-j\8.3.0\mysql-connector-j-8.3.0.jar;C:\Users\laptop\.m2\repository\jakarta\xml\bind\jakarta.xml.bind-api\4.0.2\jakarta.xml.bind-api-4.0.2.jar;C:\Users\laptop\.m2\repository\jakarta\activation\jakarta.activation-api\2.1.3\jakarta.activation-api-2.1.3.jar;C:\Users\laptop\.m2\repository\org\springframework\spring-core\6.1.14\spring-core-6.1.14.jar;C:\Users\laptop\.m2\repository\org\springframework\spring-jcl\6.1.14\spring-jcl-6.1.14.jar;C:\Users\laptop\.m2\repository\org\springframework\security\spring-security-core\6.3.4\spring-security-core-6.3.4.jar;C:\Users\laptop\.m2\repository\org\springframework\security\spring-security-crypto\6.3.4\spring-security-crypto-6.3.4.jar;C:\Users\laptop\.m2\repository\io\jsonwebtoken\jjwt-api\0.11.1\jjwt-api-0.11.1.jar;C:\Users\laptop\.m2\repository\io\jsonwebtoken\jjwt-impl\0.11.1\jjwt-impl-0.11.1.jar;C:\Users\laptop\.m2\repository\io\jsonwebtoken\jjwt-jackson\0.11.1\jjwt-jackson-0.11.1.jar;C:\Users\laptop\.m2\repository\com\fasterxml\jackson\core\jackson-databind\2.17.2\jackson-databind-2.17.2.jar;C:\Users\laptop\.m2\repository\com\fasterxml\jackson\core\jackson-annotations\2.17.2\jackson-annotations-2.17.2.jar;C:\Users\laptop\.m2\repository\com\fasterxml\jackson\core\jackson-core\2.17.2\jackson-core-2.17.2.jar;C:\Users\laptop\.m2\repository\com\stripe\stripe-java\20.62.0\stripe-java-20.62.0.jar;C:\Users\laptop\.m2\repository\com\google\code\gson\gson\2.10.1\gson-2.10.1.jar
Launcher Type: SUN_STANDARD

[Global flags]
     intx CICompilerCount                          = 4                                         {product} {ergonomic}
     uint ConcGCThreads                            = 2                                         {product} {ergonomic}
     uint G1ConcRefinementThreads                  = 8                                         {product} {ergonomic}
   size_t G1HeapRegionSize                         = 2097152                                   {product} {ergonomic}
    uintx GCDrainStackTargetSize                   = 64                                        {product} {ergonomic}
   size_t InitialHeapSize                          = 264241152                                 {product} {ergonomic}
   size_t MarkStackSize                            = 4194304                                   {product} {ergonomic}
   size_t MaxHeapSize                              = 4221566976                                {product} {ergonomic}
   size_t MaxNewSize                               = 2531262464                                {product} {ergonomic}
   size_t MinHeapDeltaBytes                        = 2097152                                   {product} {ergonomic}
   size_t MinHeapSize                              = 8388608                                   {product} {ergonomic}
    uintx NonProfiledCodeHeapSize                  = 0                                      {pd product} {ergonomic}
     bool ProfileInterpreter                       = false                                  {pd product} {command line}
    uintx ProfiledCodeHeapSize                     = 0                                      {pd product} {ergonomic}
   size_t SoftMaxHeapSize                          = 4221566976                             {manageable} {ergonomic}
     intx TieredStopAtLevel                        = 1                                         {product} {command line}
     bool UseCompressedClassPointers               = true                           {product lp64_product} {ergonomic}
     bool UseCompressedOops                        = true                           {product lp64_product} {ergonomic}
     bool UseG1GC                                  = true                                      {product} {ergonomic}
     bool UseLargePagesIndividualAllocation        = false                                  {pd product} {ergonomic}

Logging:
Log output configuration:
 #0: stdout all=warning uptime,level,tags foldmultilines=false
 #1: stderr all=off uptime,level,tags foldmultilines=false

Environment Variables:
JAVA_HOME=C:\Program Files\Java\jdk-20
PATH=C:\Program Files\Common Files\Oracle\Java\javapath;C:\WINDOWS\system32;C:\WINDOWS;C:\WINDOWS\System32\Wbem;C:\WINDOWS\System32\WindowsPowerShell\v1.0\;C:\WINDOWS\System32\OpenSSH\;c:\python\python38\scripts;C:\Users\laptop\.vscode;C:\Program Files\wkhtmltopdf\bin;C:\Program Files\Git\cmd;C:\Program Files\nodejs\;C:\MinGW\bin;C:\Users\laptop\Downloads\apache-maven-3.9.9-bin\apache-maven-3.9.9\bin;C:\Program Files\Java\jdk-20\bin;C:\Users\laptop\AppData\Local\Programs\Python\Python312\Scripts\;C:\Users\laptop\AppData\Local\Programs\Python\Python312\;C:\Users\laptop\AppData\Local\Microsoft\WindowsApps;C:\Users\laptop\Desktop\Microsoft VS Code\bin;C:\Program Files\Git\bin;C:\Program Files\Git\cmd;C:\Program Files\heroku\bin;C:\Users\laptop\AppData\Roaming\npm;C:\xampp\mysql\bin;
USERNAME=laptop
LANG=en_US.UTF-8
OS=Windows_NT
PROCESSOR_IDENTIFIER=Intel64 Family 6 Model 142 Stepping 12, GenuineIntel
TMP=C:\Users\laptop\AppData\Local\Temp
TEMP=C:\Users\laptop\AppData\Local\Temp




---------------  S Y S T E M  ---------------

OS:
 Windows 11 , 64 bit Build 22621 (10.0.22621.2506)
OS uptime: 2 days 2:18 hours

CPU: total 8 (initial active 8) (4 cores per cpu, 2 threads per core) family 6 model 142 stepping 12 microcode 0xe4, cx8, cmov, fxsr, ht, mmx, 3dnowpref, sse, sse2, sse3, ssse3, sse4.1, sse4.2, popcnt, lzcnt, tsc, tscinvbit, avx, avx2, aes, erms, clmul, bmi1, bmi2, adx, fma, vzeroupper, clflush, clflushopt, rdtscp, f16c

Memory: 4k page, system-wide physical 16102M (5075M free)
TotalPageFile size 33602M (AvailPageFile size 2M)
current process WorkingSet (physical memory assigned to process): 268M, peak: 268M
current process commit charge ("private bytes"): 309M, peak: 368M

vm_info: Java HotSpot(TM) 64-Bit Server VM (20.0.1+9-29) for windows-amd64 JRE (20.0.1+9-29), built on 2023-03-07T13:56:11Z by "mach5one" with MS VC++ 17.1 (VS2022)

END.
